<?xml version="1.0" encoding="UTF-8"?>
<coverage generated="1646325827904" clover="3.2.0">
  <project timestamp="1646325827904" name="All files">
    <metrics statements="56" coveredstatements="56" conditionals="19" coveredconditionals="19" methods="15" coveredmethods="15" elements="90" coveredelements="90" complexity="0" loc="56" ncloc="56" packages="1" files="1" classes="1"/>
    <file name="nameThatPokerHand.ts" path="/Users/steven.mcveigh/projects/poker-face/src/nameThatPokerHand.ts">
      <metrics statements="56" coveredstatements="56" conditionals="19" coveredconditionals="19" methods="15" coveredmethods="15"/>
      <line num="6" count="1" type="stmt"/>
      <line num="8" count="1" type="cond" truecount="1" falsecount="0"/>
      <line num="9" count="24" type="stmt"/>
      <line num="10" count="149" type="stmt"/>
      <line num="11" count="149" type="stmt"/>
      <line num="12" count="149" type="cond" truecount="1" falsecount="0"/>
      <line num="13" count="72" type="stmt"/>
      <line num="15" count="77" type="stmt"/>
      <line num="19" count="1" type="stmt"/>
      <line num="20" count="55" type="stmt"/>
      <line num="23" count="1" type="stmt"/>
      <line num="24" count="11" type="stmt"/>
      <line num="25" count="55" type="stmt"/>
      <line num="28" count="11" type="stmt"/>
      <line num="29" count="55" type="stmt"/>
      <line num="32" count="11" type="cond" truecount="2" falsecount="0"/>
      <line num="35" count="1" type="stmt"/>
      <line num="36" count="11" type="stmt"/>
      <line num="38" count="11" type="stmt"/>
      <line num="39" count="55" type="stmt"/>
      <line num="40" count="55" type="cond" truecount="2" falsecount="0"/>
      <line num="42" count="11" type="stmt"/>
      <line num="45" count="1" type="stmt"/>
      <line num="46" count="13" type="stmt"/>
      <line num="47" count="13" type="stmt"/>
      <line num="49" count="89" type="stmt"/>
      <line num="50" count="89" type="stmt"/>
      <line num="52" count="13" type="cond" truecount="1" falsecount="0"/>
      <line num="53" count="2" type="stmt"/>
      <line num="56" count="11" type="stmt"/>
      <line num="57" count="11" type="stmt"/>
      <line num="58" count="11" type="stmt"/>
      <line num="59" count="11" type="stmt"/>
      <line num="61" count="11" type="cond" truecount="3" falsecount="0"/>
      <line num="62" count="2" type="stmt"/>
      <line num="63" count="10" type="stmt"/>
      <line num="66" count="2" type="cond" truecount="1" falsecount="0"/>
      <line num="67" count="1" type="stmt"/>
      <line num="69" count="1" type="stmt"/>
      <line num="72" count="9" type="cond" truecount="1" falsecount="0"/>
      <line num="73" count="2" type="cond" truecount="1" falsecount="0"/>
      <line num="74" count="1" type="stmt"/>
      <line num="76" count="1" type="stmt"/>
      <line num="79" count="7" type="cond" truecount="1" falsecount="0"/>
      <line num="80" count="1" type="stmt"/>
      <line num="82" count="6" type="cond" truecount="1" falsecount="0"/>
      <line num="83" count="1" type="stmt"/>
      <line num="86" count="5" type="cond" truecount="1" falsecount="0"/>
      <line num="87" count="2" type="cond" truecount="1" falsecount="0"/>
      <line num="88" count="1" type="stmt"/>
      <line num="90" count="1" type="stmt"/>
      <line num="93" count="3" type="cond" truecount="1" falsecount="0"/>
      <line num="94" count="1" type="stmt"/>
      <line num="97" count="2" type="cond" truecount="1" falsecount="0"/>
      <line num="98" count="1" type="stmt"/>
      <line num="101" count="1" type="stmt"/>
    </file>
  </project>
</coverage>
