{"/Users/steven.mcveigh/projects/poker-face/src/nameThatPokerHand.ts": {"path":"/Users/steven.mcveigh/projects/poker-face/src/nameThatPokerHand.ts","statementMap":{"0":{"start":{"line":6,"column":14},"end":{"line":6,"column":30}},"1":{"start":{"line":8,"column":25},"end":{"line":17,"column":1}},"2":{"start":{"line":9,"column":2},"end":{"line":16,"column":null}},"3":{"start":{"line":10,"column":20},"end":{"line":10,"column":37}},"4":{"start":{"line":11,"column":20},"end":{"line":11,"column":37}},"5":{"start":{"line":12,"column":4},"end":{"line":14,"column":null}},"6":{"start":{"line":13,"column":6},"end":{"line":13,"column":null}},"7":{"start":{"line":15,"column":4},"end":{"line":15,"column":null}},"8":{"start":{"line":19,"column":16},"end":{"line":21,"column":1}},"9":{"start":{"line":20,"column":2},"end":{"line":20,"column":null}},"10":{"start":{"line":20,"column":39},"end":{"line":20,"column":56}},"11":{"start":{"line":23,"column":19},"end":{"line":33,"column":1}},"12":{"start":{"line":24,"column":35},"end":{"line":26,"column":13}},"13":{"start":{"line":25,"column":17},"end":{"line":25,"column":37}},"14":{"start":{"line":28,"column":36},"end":{"line":30,"column":13}},"15":{"start":{"line":29,"column":17},"end":{"line":29,"column":37}},"16":{"start":{"line":32,"column":2},"end":{"line":32,"column":null}},"17":{"start":{"line":35,"column":21},"end":{"line":43,"column":1}},"18":{"start":{"line":36,"column":17},"end":{"line":36,"column":42}},"19":{"start":{"line":38,"column":2},"end":{"line":40,"column":null}},"20":{"start":{"line":39,"column":17},"end":{"line":39,"column":37}},"21":{"start":{"line":40,"column":24},"end":{"line":40,"column":111}},"22":{"start":{"line":42,"column":2},"end":{"line":42,"column":null}},"23":{"start":{"line":46,"column":2},"end":{"line":102,"column":null}},"24":{"start":{"line":47,"column":18},"end":{"line":50,"column":40}},"25":{"start":{"line":49,"column":19},"end":{"line":49,"column":30}},"26":{"start":{"line":50,"column":22},"end":{"line":50,"column":39}},"27":{"start":{"line":52,"column":4},"end":{"line":54,"column":null}},"28":{"start":{"line":53,"column":6},"end":{"line":53,"column":null}},"29":{"start":{"line":56,"column":24},"end":{"line":56,"column":38}},"30":{"start":{"line":57,"column":27},"end":{"line":57,"column":44}},"31":{"start":{"line":58,"column":24},"end":{"line":58,"column":43}},"32":{"start":{"line":59,"column":20},"end":{"line":59,"column":50}},"33":{"start":{"line":61,"column":4},"end":{"line":70,"column":null}},"34":{"start":{"line":62,"column":27},"end":{"line":65,"column":26}},"35":{"start":{"line":63,"column":21},"end":{"line":63,"column":41}},"36":{"start":{"line":66,"column":6},"end":{"line":68,"column":null}},"37":{"start":{"line":67,"column":8},"end":{"line":67,"column":null}},"38":{"start":{"line":69,"column":6},"end":{"line":69,"column":null}},"39":{"start":{"line":72,"column":4},"end":{"line":77,"column":null}},"40":{"start":{"line":73,"column":6},"end":{"line":75,"column":null}},"41":{"start":{"line":74,"column":8},"end":{"line":74,"column":null}},"42":{"start":{"line":76,"column":6},"end":{"line":76,"column":null}},"43":{"start":{"line":79,"column":4},"end":{"line":81,"column":null}},"44":{"start":{"line":80,"column":6},"end":{"line":80,"column":null}},"45":{"start":{"line":82,"column":4},"end":{"line":84,"column":null}},"46":{"start":{"line":83,"column":6},"end":{"line":83,"column":null}},"47":{"start":{"line":86,"column":4},"end":{"line":91,"column":null}},"48":{"start":{"line":87,"column":6},"end":{"line":89,"column":null}},"49":{"start":{"line":88,"column":8},"end":{"line":88,"column":null}},"50":{"start":{"line":90,"column":6},"end":{"line":90,"column":null}},"51":{"start":{"line":93,"column":4},"end":{"line":95,"column":null}},"52":{"start":{"line":94,"column":6},"end":{"line":94,"column":null}},"53":{"start":{"line":97,"column":4},"end":{"line":99,"column":null}},"54":{"start":{"line":98,"column":6},"end":{"line":98,"column":null}},"55":{"start":{"line":101,"column":4},"end":{"line":101,"column":null}},"56":{"start":{"line":45,"column":0},"end":{"line":45,"column":15}}},"fnMap":{"0":{"name":"(anonymous_0)","decl":{"start":{"line":8,"column":25},"end":{"line":8,"column":26}},"loc":{"start":{"line":8,"column":62},"end":{"line":17,"column":1}}},"1":{"name":"(anonymous_1)","decl":{"start":{"line":9,"column":20},"end":{"line":9,"column":21}},"loc":{"start":{"line":9,"column":29},"end":{"line":16,"column":3}}},"2":{"name":"(anonymous_2)","decl":{"start":{"line":19,"column":16},"end":{"line":19,"column":17}},"loc":{"start":{"line":19,"column":45},"end":{"line":21,"column":1}}},"3":{"name":"(anonymous_3)","decl":{"start":{"line":20,"column":31},"end":{"line":20,"column":35}},"loc":{"start":{"line":20,"column":39},"end":{"line":20,"column":56}}},"4":{"name":"(anonymous_4)","decl":{"start":{"line":23,"column":19},"end":{"line":23,"column":20}},"loc":{"start":{"line":23,"column":48},"end":{"line":33,"column":1}}},"5":{"name":"(anonymous_5)","decl":{"start":{"line":25,"column":9},"end":{"line":25,"column":13}},"loc":{"start":{"line":25,"column":17},"end":{"line":25,"column":37}}},"6":{"name":"(anonymous_6)","decl":{"start":{"line":29,"column":9},"end":{"line":29,"column":13}},"loc":{"start":{"line":29,"column":17},"end":{"line":29,"column":37}}},"7":{"name":"(anonymous_7)","decl":{"start":{"line":35,"column":21},"end":{"line":35,"column":22}},"loc":{"start":{"line":35,"column":41},"end":{"line":43,"column":1}}},"8":{"name":"(anonymous_8)","decl":{"start":{"line":39,"column":9},"end":{"line":39,"column":13}},"loc":{"start":{"line":39,"column":17},"end":{"line":39,"column":37}}},"9":{"name":"(anonymous_9)","decl":{"start":{"line":40,"column":13},"end":{"line":40,"column":19}},"loc":{"start":{"line":40,"column":24},"end":{"line":40,"column":111}}},"10":{"name":"nameThatPokerHand","decl":{"start":{"line":45,"column":30},"end":{"line":45,"column":47}},"loc":{"start":{"line":45,"column":60},"end":{"line":103,"column":1}}},"11":{"name":"(anonymous_11)","decl":{"start":{"line":46,"column":21},"end":{"line":46,"column":22}},"loc":{"start":{"line":46,"column":41},"end":{"line":102,"column":3}}},"12":{"name":"(anonymous_12)","decl":{"start":{"line":49,"column":11},"end":{"line":49,"column":15}},"loc":{"start":{"line":49,"column":19},"end":{"line":49,"column":30}}},"13":{"name":"(anonymous_13)","decl":{"start":{"line":50,"column":14},"end":{"line":50,"column":18}},"loc":{"start":{"line":50,"column":22},"end":{"line":50,"column":39}}},"14":{"name":"(anonymous_14)","decl":{"start":{"line":63,"column":13},"end":{"line":63,"column":17}},"loc":{"start":{"line":63,"column":21},"end":{"line":63,"column":41}}}},"branchMap":{"0":{"loc":{"start":{"line":8,"column":43},"end":{"line":8,"column":58}},"type":"default-arg","locations":[{"start":{"line":8,"column":53},"end":{"line":8,"column":58}}]},"1":{"loc":{"start":{"line":12,"column":4},"end":{"line":14,"column":null}},"type":"if","locations":[{"start":{"line":12,"column":4},"end":{"line":14,"column":null}}]},"2":{"loc":{"start":{"line":32,"column":9},"end":{"line":32,"column":94}},"type":"binary-expr","locations":[{"start":{"line":32,"column":9},"end":{"line":32,"column":49}},{"start":{"line":32,"column":53},"end":{"line":32,"column":94}}]},"3":{"loc":{"start":{"line":40,"column":24},"end":{"line":40,"column":111}},"type":"cond-expr","locations":[{"start":{"line":40,"column":45},"end":{"line":40,"column":87}},{"start":{"line":40,"column":90},"end":{"line":40,"column":111}}]},"4":{"loc":{"start":{"line":52,"column":4},"end":{"line":54,"column":null}},"type":"if","locations":[{"start":{"line":52,"column":4},"end":{"line":54,"column":null}}]},"5":{"loc":{"start":{"line":61,"column":4},"end":{"line":70,"column":null}},"type":"if","locations":[{"start":{"line":61,"column":4},"end":{"line":70,"column":null}}]},"6":{"loc":{"start":{"line":61,"column":8},"end":{"line":61,"column":37}},"type":"binary-expr","locations":[{"start":{"line":61,"column":8},"end":{"line":61,"column":19}},{"start":{"line":61,"column":23},"end":{"line":61,"column":37}}]},"7":{"loc":{"start":{"line":66,"column":6},"end":{"line":68,"column":null}},"type":"if","locations":[{"start":{"line":66,"column":6},"end":{"line":68,"column":null}}]},"8":{"loc":{"start":{"line":72,"column":4},"end":{"line":77,"column":null}},"type":"if","locations":[{"start":{"line":72,"column":4},"end":{"line":77,"column":null}}]},"9":{"loc":{"start":{"line":73,"column":6},"end":{"line":75,"column":null}},"type":"if","locations":[{"start":{"line":73,"column":6},"end":{"line":75,"column":null}}]},"10":{"loc":{"start":{"line":79,"column":4},"end":{"line":81,"column":null}},"type":"if","locations":[{"start":{"line":79,"column":4},"end":{"line":81,"column":null}}]},"11":{"loc":{"start":{"line":82,"column":4},"end":{"line":84,"column":null}},"type":"if","locations":[{"start":{"line":82,"column":4},"end":{"line":84,"column":null}}]},"12":{"loc":{"start":{"line":86,"column":4},"end":{"line":91,"column":null}},"type":"if","locations":[{"start":{"line":86,"column":4},"end":{"line":91,"column":null}}]},"13":{"loc":{"start":{"line":87,"column":6},"end":{"line":89,"column":null}},"type":"if","locations":[{"start":{"line":87,"column":6},"end":{"line":89,"column":null}}]},"14":{"loc":{"start":{"line":93,"column":4},"end":{"line":95,"column":null}},"type":"if","locations":[{"start":{"line":93,"column":4},"end":{"line":95,"column":null}}]},"15":{"loc":{"start":{"line":97,"column":4},"end":{"line":99,"column":null}},"type":"if","locations":[{"start":{"line":97,"column":4},"end":{"line":99,"column":null}}]}},"s":{"0":1,"1":1,"2":24,"3":149,"4":149,"5":149,"6":72,"7":77,"8":1,"9":11,"10":55,"11":1,"12":11,"13":55,"14":11,"15":55,"16":11,"17":1,"18":11,"19":11,"20":55,"21":55,"22":11,"23":13,"24":13,"25":89,"26":89,"27":13,"28":2,"29":11,"30":11,"31":11,"32":11,"33":11,"34":2,"35":10,"36":2,"37":1,"38":1,"39":9,"40":2,"41":1,"42":1,"43":7,"44":1,"45":6,"46":1,"47":5,"48":2,"49":1,"50":1,"51":3,"52":1,"53":2,"54":1,"55":1,"56":1},"f":{"0":24,"1":149,"2":11,"3":55,"4":11,"5":55,"6":55,"7":11,"8":55,"9":55,"10":13,"11":13,"12":89,"13":89,"14":10},"b":{"0":[11],"1":[72],"2":[11,9],"3":[15,40],"4":[2],"5":[2],"6":[11,3],"7":[1],"8":[2],"9":[1],"10":[1],"11":[1],"12":[2],"13":[1],"14":[1],"15":[1]}}
}
