TN:
SF:src/nameThatPokerHand.ts
FN:8,(anonymous_0)
FN:9,(anonymous_1)
FN:19,(anonymous_2)
FN:20,(anonymous_3)
FN:23,(anonymous_4)
FN:25,(anonymous_5)
FN:29,(anonymous_6)
FN:35,(anonymous_7)
FN:39,(anonymous_8)
FN:40,(anonymous_9)
FN:45,nameThatPokerHand
FN:46,(anonymous_11)
FN:49,(anonymous_12)
FN:50,(anonymous_13)
FN:63,(anonymous_14)
FNF:15
FNH:15
FNDA:24,(anonymous_0)
FNDA:149,(anonymous_1)
FNDA:11,(anonymous_2)
FNDA:55,(anonymous_3)
FNDA:11,(anonymous_4)
FNDA:55,(anonymous_5)
FNDA:55,(anonymous_6)
FNDA:11,(anonymous_7)
FNDA:55,(anonymous_8)
FNDA:55,(anonymous_9)
FNDA:13,nameThatPokerHand
FNDA:13,(anonymous_11)
FNDA:89,(anonymous_12)
FNDA:89,(anonymous_13)
FNDA:10,(anonymous_14)
DA:6,1
DA:8,1
DA:9,24
DA:10,149
DA:11,149
DA:12,149
DA:13,72
DA:15,77
DA:19,1
DA:20,55
DA:23,1
DA:24,11
DA:25,55
DA:28,11
DA:29,55
DA:32,11
DA:35,1
DA:36,11
DA:38,11
DA:39,55
DA:40,55
DA:42,11
DA:45,1
DA:46,13
DA:47,13
DA:49,89
DA:50,89
DA:52,13
DA:53,2
DA:56,11
DA:57,11
DA:58,11
DA:59,11
DA:61,11
DA:62,2
DA:63,10
DA:66,2
DA:67,1
DA:69,1
DA:72,9
DA:73,2
DA:74,1
DA:76,1
DA:79,7
DA:80,1
DA:82,6
DA:83,1
DA:86,5
DA:87,2
DA:88,1
DA:90,1
DA:93,3
DA:94,1
DA:97,2
DA:98,1
DA:101,1
LF:56
LH:56
BRDA:8,0,0,11
BRDA:12,1,0,72
BRDA:32,2,0,11
BRDA:32,2,1,9
BRDA:40,3,0,15
BRDA:40,3,1,40
BRDA:52,4,0,2
BRDA:61,5,0,2
BRDA:61,6,0,11
BRDA:61,6,1,3
BRDA:66,7,0,1
BRDA:72,8,0,2
BRDA:73,9,0,1
BRDA:79,10,0,1
BRDA:82,11,0,1
BRDA:86,12,0,2
BRDA:87,13,0,1
BRDA:93,14,0,1
BRDA:97,15,0,1
BRF:19
BRH:19
end_of_record
